<?xml version="1.0" encoding="UTF-8"?>
<!-- Generated by org.testng.reporters.JUnitReportReporter -->
<testsuite skipped="0" hostname="LAPTOP-JDEIIT17" name="Test_Cases.Demo_Sauce_testng" tests="6" failures="0" timestamp="2020-03-28T18:24:59 IST" time="80.713" errors="0">
  <testcase name="LoginInvaliddata" time="6.699" classname="Test_Cases.Demo_Sauce_testng"/>
  <testcase name="LoginInvaliddata" time="7.171" classname="Test_Cases.Demo_Sauce_testng"/>
  <testcase name="Logindata" time="19.326" classname="Test_Cases.Demo_Sauce_testng"/>
  <testcase name="Logindata" time="12.691" classname="Test_Cases.Demo_Sauce_testng"/>
  <testcase name="AddCart" time="20.407" classname="Test_Cases.Demo_Sauce_testng"/>
  <testcase name="AddCart" time="14.419" classname="Test_Cases.Demo_Sauce_testng"/>
</testsuite> <!-- Test_Cases.Demo_Sauce_testng -->
