<?xml version="1.0" encoding="UTF-8"?>
<!-- Generated by org.testng.reporters.JUnitReportReporter -->
<testsuite skipped="0" hostname="LAPTOP-JDEIIT17" name="Test_Cases.Demo_Sauce_testng" tests="2" failures="0" timestamp="2020-03-26T15:07:29 IST" time="59.256" errors="0">
  <testcase name="Logindata" time="32.519" classname="Test_Cases.Demo_Sauce_testng"/>
  <testcase name="Logindata" time="26.737" classname="Test_Cases.Demo_Sauce_testng"/>
</testsuite> <!-- Test_Cases.Demo_Sauce_testng -->
